<?xml version="1.0" encoding="UTF-8"?>
<!-- Generated by org.testng.reporters.JUnitReportReporter -->
<testsuite hostname="WKSBAN36ARYTR25" failures="0" tests="2" name="com.training.runner.TestRunner" time="0.121" errors="0" timestamp="2026-02-26T16:50:35 IST" skipped="0">
  <testcase classname="com.training.runner.TestRunner" name="runScenario" time="0.115"/>
  <testcase classname="com.training.runner.TestRunner" name="runScenario" time="0.006"/>
</testsuite> <!-- com.training.runner.TestRunner -->
